\BOOKMARK [1][-]{section*.1}{Agent-Environment Interface}{}% 1
\BOOKMARK [1][-]{section*.2}{Policy}{}% 2
\BOOKMARK [1][-]{section*.3}{Reward}{}% 3
\BOOKMARK [2][-]{section*.4}{Markov Decision Process}{section*.3}% 4
\BOOKMARK [1][-]{section*.5}{Value Function}{}% 5
\BOOKMARK [2][-]{section*.6}{Optimal}{section*.5}% 6
\BOOKMARK [1][-]{section*.7}{Action-Value \(Q\) Function}{}% 7
\BOOKMARK [2][-]{section*.8}{Optimal}{section*.7}% 8
\BOOKMARK [1][-]{section*.9}{Bellman Equation}{}% 9
\BOOKMARK [2][-]{section*.10}{Value Function}{section*.9}% 10
\BOOKMARK [1][-]{section*.11}{Contraction Mapping}{}% 11
\BOOKMARK [2][-]{section*.12}{Definition}{section*.11}% 12
\BOOKMARK [2][-]{section*.13}{Contraction Mapping theorem}{section*.11}% 13
\BOOKMARK [1][-]{section*.14}{Dynamic Programming}{}% 14
\BOOKMARK [2][-]{section*.15}{Policy Iteration}{section*.14}% 15
\BOOKMARK [2][-]{section*.16}{Value Iteration}{section*.14}% 16
\BOOKMARK [1][-]{section*.17}{Monte Carlo Methods}{}% 17
\BOOKMARK [1][-]{section*.18}{Sarsa}{}% 18
\BOOKMARK [2][-]{section*.19}{n-step Sarsa}{section*.18}% 19
\BOOKMARK [2][-]{section*.20}{Forward View Sarsa\(\)}{section*.18}% 20
\BOOKMARK [1][-]{section*.21}{Temporal Difference - Q Learning}{}% 21
\BOOKMARK [1][-]{section*.22}{Deep Q Learning}{}% 22
